<?xml version="1.0" encoding="UTF-8"?>
<!-- Generated by org.testng.reporters.JUnitReportReporter -->
<testsuite hostname="K510LTRV" failures="0" tests="1" name="testcases.VerifyLandingPage" time="1.176" errors="0" timestamp="2024-05-09T12:53:22 IST" skipped="0">
  <testcase classname="testcases.VerifyLandingPage" name="verifyLanding" time="1.176">
    <system-out>
      <![CDATA[Captured text is Welcome to JPetStore 6]]>
    </system-out>
  </testcase> <!-- verifyLanding -->
  <system-out>
    <![CDATA[Captured text is Welcome to JPetStore 6]]>
  </system-out>
</testsuite> <!-- testcases.VerifyLandingPage -->
