<?xml version="1.0" encoding="UTF-8"?>
<!-- Generated by org.testng.reporters.JUnitReportReporter -->
<testsuite hostname="K510LTRV" failures="0" tests="3" name="runner.Runner" time="0.422" errors="3" timestamp="2024-06-06T14:38:31 IST" skipped="0">
  <testcase classname="runner.Runner" name="runScenario" time="0.024">
    <error message="Cannot invoke &quot;java.util.Properties.getProperty(String)&quot; because &quot;base.Reusable.pro&quot; is null" type="java.lang.NullPointerException">
      <![CDATA[java.lang.NullPointerException: Cannot invoke "java.util.Properties.getProperty(String)" because "base.Reusable.pro" is null
at base.Reusable.invokeBrowser(Reusable.java:39)
at stepdefinitions.Hooks.setupdriver(Hooks.java:15)
]]>
    </error>
  </testcase> <!-- runScenario -->
  <testcase classname="runner.Runner" name="runScenario" time="0.368">
    <error message="Cannot invoke &quot;java.util.Properties.getProperty(String)&quot; because &quot;base.Reusable.pro&quot; is null" type="java.lang.NullPointerException">
      <![CDATA[java.lang.NullPointerException: Cannot invoke "java.util.Properties.getProperty(String)" because "base.Reusable.pro" is null
at base.Reusable.invokeBrowser(Reusable.java:39)
at stepdefinitions.Hooks.setupdriver(Hooks.java:15)
]]>
    </error>
  </testcase> <!-- runScenario -->
  <testcase classname="runner.Runner" name="runScenario" time="0.030">
    <error message="Cannot invoke &quot;java.util.Properties.getProperty(String)&quot; because &quot;base.Reusable.pro&quot; is null" type="java.lang.NullPointerException">
      <![CDATA[java.lang.NullPointerException: Cannot invoke "java.util.Properties.getProperty(String)" because "base.Reusable.pro" is null
at base.Reusable.invokeBrowser(Reusable.java:39)
at stepdefinitions.Hooks.setupdriver(Hooks.java:15)
]]>
    </error>
  </testcase> <!-- runScenario -->
</testsuite> <!-- runner.Runner -->
