<?xml version="1.0" encoding="UTF-8"?>
<!-- Generated by org.testng.reporters.JUnitReportReporter -->
<testsuite hostname="K510LTRV" failures="0" tests="5" name="testcases.VerifyLogin" time="7.863" errors="0" timestamp="2024-06-07T00:55:19 IST" skipped="0">
  <testcase classname="testcases.VerifyLogin" name="verifyNull" time="1.199"/>
  <testcase classname="testcases.VerifyLogin" name="verifyInValidLogin" time="1.517"/>
  <testcase classname="testcases.VerifyLogin" name="verifyInValidLogin" time="2.104"/>
  <testcase classname="testcases.VerifyLogin" name="verifyInValidLogin" time="1.590"/>
  <testcase classname="testcases.VerifyLogin" name="verifyValidLogin" time="1.453"/>
</testsuite> <!-- testcases.VerifyLogin -->
