<?xml version="1.0" encoding="UTF-8"?>
<!-- Generated by org.testng.reporters.JUnitReportReporter -->
<testsuite hostname="K510LTRV" failures="0" tests="3" name="Testcase.Annotations" time="0.014" errors="0" timestamp="2024-05-09T12:05:42 IST" skipped="0">
  <testcase classname="Testcase.Annotations" name="second_Method" time="0.003"/>
  <testcase classname="Testcase.Annotations" name="first_Method" time="0.007"/>
  <testcase classname="Testcase.Annotations" name="third_Method" time="0.004"/>
</testsuite> <!-- Testcase.Annotations -->
